This file contains any messages produced by compilers while
running configure, to aid debugging if configure makes a mistake.

It was created by snappy configure 1.1.3, which was
generated by GNU Autoconf 2.63.  Invocation command line was

  $ ./configure CXX=FCCpx -Xg -pthread CC=fccpx -Xg -pthread  CXFLAGS=-Kfast CFLAGS=-Kfast cross_compiling=yes

## --------- ##
## Platform. ##
## --------- ##

hostname = fx03
uname -m = x86_64
uname -r = 2.6.32-431.5.1.el6.x86_64
uname -s = Linux
uname -v = #1 SMP Fri Jan 10 14:46:43 EST 2014

/usr/bin/uname -p = unknown
/bin/uname -X     = unknown

/bin/arch              = x86_64
/usr/bin/arch -k       = unknown
/usr/convex/getsysinfo = unknown
/usr/bin/hostinfo      = unknown
/bin/machine           = unknown
/usr/bin/oslevel       = unknown
/bin/universe          = unknown

PATH: /home/usr7/z41797a/install_x64/usr/local/bin
PATH: /center/local/bin
PATH: /center/local/fx/bin
PATH: /center/local/fx/cent/bin
PATH: /usr/lib64/qt-3.3/bin
PATH: /opt/FJSVmxlang/bin
PATH: /opt/kusu/bin
PATH: /opt/kusu/sbin
PATH: /usr/pgsql-9.0/bin
PATH: /usr/local/bin
PATH: /bin
PATH: /usr/bin
PATH: /usr/local/sbin
PATH: /usr/sbin
PATH: /sbin
PATH: /opt/ibutils/bin
PATH: /usr/local/texlive/2014/bin/x86_64-linux
PATH: /center/local/apl/cx/exelis/envi50/bin
PATH: /center/local/apl/cx/EnSight/CEI/bin
PATH: /center/local/apl/cx/AVS/express83/bin/linux_64_el6


## ----------- ##
## Core tests. ##
## ----------- ##

configure:2131: checking for a BSD-compatible install
configure:2199: result: /usr/bin/install -c
configure:2210: checking whether build environment is sane
configure:2270: result: yes
configure:2359: checking for strip
configure:2375: found /usr/bin/strip
configure:2386: result: strip
configure:2398: WARNING: using cross tools not prefixed with host triplet
configure:2411: checking for a thread-safe mkdir -p
configure:2450: result: /bin/mkdir -p
configure:2463: checking for gawk
configure:2479: found /bin/gawk
configure:2490: result: gawk
configure:2501: checking whether make sets $(MAKE)
configure:2523: result: yes
configure:2637: checking build system type
configure:2655: result: x86_64-unknown-linux-gnu
configure:2677: checking host system type
configure:2692: result: x86_64-unknown-linux-gnu
configure:2726: checking for style of include used by make
configure:2754: result: GNU
configure:2824: checking for gcc
configure:2851: result: fccpx -Xg -pthread 
configure:3083: checking for C compiler version
configure:3091: fccpx -Xg -pthread  --version >&5
fccpx (FCC) 2.0.0 20160622
simulating gcc version 4.1.2
Copyright FUJITSU LIMITED 2012-2016
configure:3095: $? = 0
configure:3102: fccpx -Xg -pthread  -v >&5
fccpx: Fujitsu C/C++ Compiler Driver Version 2.0.0 P-id: T01776-01 (Jun 22 2016 14:52:00)
simulating gcc version 4.1.2
usage: fccpx [options] files.
configure:3106: $? = 0
configure:3113: fccpx -Xg -pthread  -V >&5
fccpx: Fujitsu C/C++ Compiler Driver Version 2.0.0 P-id: T01776-01 (Jun 22 2016 14:52:00)
simulating gcc version 4.1.2
usage: fccpx [options] files.
configure:3117: $? = 0
configure:3140: checking for C compiler default output file name
configure:3162: fccpx -Xg -pthread  -Kfast   conftest.c  >&5
configure:3166: $? = 0
configure:3204: result: a.out
configure:3223: checking whether the C compiler works
configure:3256: result: yes
configure:3263: checking whether we are cross compiling
configure:3265: result: yes
configure:3268: checking for suffix of executables
configure:3275: fccpx -Xg -pthread  -o conftest -Kfast   conftest.c  >&5
configure:3279: $? = 0
configure:3305: result: 
configure:3311: checking for suffix of object files
configure:3337: fccpx -Xg -pthread  -c -Kfast  conftest.c >&5
configure:3341: $? = 0
configure:3366: result: o
configure:3370: checking whether we are using the GNU C compiler
configure:3399: fccpx -Xg -pthread  -c -Kfast  conftest.c >&5
configure:3406: $? = 0
configure:3423: result: yes
configure:3432: checking whether fccpx -Xg -pthread  accepts -g
configure:3462: fccpx -Xg -pthread  -c -g  conftest.c >&5
configure:3469: $? = 0
configure:3570: result: yes
configure:3587: checking for fccpx -Xg -pthread  option to accept ISO C89
configure:3661: fccpx -Xg -pthread   -c -Kfast  conftest.c >&5
"conftest.c", line 58: warning: statement is unreachable
    return 0;
    ^

configure:3668: $? = 0
configure:3691: result: none needed
configure:3711: checking dependency style of fccpx -Xg -pthread 
configure:3821: result: gcc3
configure:3836: checking for a sed that does not truncate output
configure:3902: result: /bin/sed
configure:3920: checking for grep that handles long lines and -e
configure:3980: result: /bin/grep
configure:3985: checking for egrep
configure:4049: result: /bin/grep -E
configure:4054: checking for fgrep
configure:4118: result: /bin/grep -F
configure:4153: checking for ld used by fccpx -Xg -pthread 
configure:4220: result: /opt/FJSVmxlang/util/bin/sparc64-unknown-linux-gnu-ld
configure:4229: checking if the linker (/opt/FJSVmxlang/util/bin/sparc64-unknown-linux-gnu-ld) is GNU ld
configure:4244: result: yes
configure:4256: checking for BSD- or MS-compatible name lister (nm)
configure:4305: result: /usr/bin/nm -B
configure:4423: checking the name lister (/usr/bin/nm -B) interface
configure:4430: fccpx -Xg -pthread  -c -Kfast  conftest.c >&5
configure:4433: /usr/bin/nm -B "conftest.o"
configure:4436: output
0000000000000000 D some_variable
configure:4443: result: BSD nm
configure:4446: checking whether ln -s works
configure:4450: result: yes
configure:4458: checking the maximum length of command line arguments
configure:4578: result: 1966080
configure:4595: checking whether the shell understands some XSI constructs
configure:4605: result: yes
configure:4609: checking whether the shell understands "+="
configure:4615: result: yes
configure:4650: checking for /opt/FJSVmxlang/util/bin/sparc64-unknown-linux-gnu-ld option to reload object files
configure:4657: result: -r
configure:4726: checking for objdump
configure:4742: found /usr/bin/objdump
configure:4753: result: objdump
configure:4785: checking how to recognize dependent libraries
configure:4981: result: pass_all
configure:5041: checking for ar
configure:5057: found /usr/bin/ar
configure:5068: result: ar
configure:5146: checking for strip
configure:5173: result: strip
configure:5245: checking for ranlib
configure:5261: found /usr/bin/ranlib
configure:5272: result: ranlib
configure:5362: checking command to parse /usr/bin/nm -B output from fccpx -Xg -pthread  object
configure:5480: fccpx -Xg -pthread  -c -Kfast  conftest.c >&5
configure:5483: $? = 0
configure:5487: /usr/bin/nm -B conftest.o \| sed -n -e 's/^.*[	 ]\([ABCDGIRSTW][ABCDGIRSTW]*\)[	 ][	 ]*\([_A-Za-z][_A-Za-z0-9]*\)$/\1 \2 \2/p' \> conftest.nm
configure:5490: $? = 0
configure:5544: fccpx -Xg -pthread  -o conftest -Kfast   conftest.c conftstm.o >&5
configure:5547: $? = 0
configure:5585: result: ok
configure:5681: fccpx -Xg -pthread  -c -Kfast  conftest.c >&5
configure:5684: $? = 0
configure:6452: checking how to run the C preprocessor
configure:6492: fccpx -Xg -pthread  -E  conftest.c
configure:6499: $? = 0
configure:6530: fccpx -Xg -pthread  -E  conftest.c
"conftest.c", line 10: error: cannot open source file "ac_nonexistent.h"
  #include <ac_nonexistent.h>
                             ^

1 error detected in the compilation of "conftest.c".
configure:6537: $? = 2
configure: failed program was:
| /* confdefs.h.  */
| #define PACKAGE_NAME "snappy"
| #define PACKAGE_TARNAME "snappy"
| #define PACKAGE_VERSION "1.1.3"
| #define PACKAGE_STRING "snappy 1.1.3"
| #define PACKAGE_BUGREPORT ""
| #define PACKAGE "snappy"
| #define VERSION "1.1.3"
| /* end confdefs.h.  */
| #include <ac_nonexistent.h>
configure:6570: result: fccpx -Xg -pthread  -E
configure:6599: fccpx -Xg -pthread  -E  conftest.c
configure:6606: $? = 0
configure:6637: fccpx -Xg -pthread  -E  conftest.c
"conftest.c", line 10: error: cannot open source file "ac_nonexistent.h"
  #include <ac_nonexistent.h>
                             ^

1 error detected in the compilation of "conftest.c".
configure:6644: $? = 2
configure: failed program was:
| /* confdefs.h.  */
| #define PACKAGE_NAME "snappy"
| #define PACKAGE_TARNAME "snappy"
| #define PACKAGE_VERSION "1.1.3"
| #define PACKAGE_STRING "snappy 1.1.3"
| #define PACKAGE_BUGREPORT ""
| #define PACKAGE "snappy"
| #define VERSION "1.1.3"
| /* end confdefs.h.  */
| #include <ac_nonexistent.h>
configure:6684: checking for ANSI C header files
configure:6714: fccpx -Xg -pthread  -c -Kfast  conftest.c >&5
configure:6721: $? = 0
configure:6852: result: yes
configure:6876: checking for sys/types.h
configure:6897: fccpx -Xg -pthread  -c -Kfast  conftest.c >&5
configure:6904: $? = 0
configure:6921: result: yes
configure:6876: checking for sys/stat.h
configure:6897: fccpx -Xg -pthread  -c -Kfast  conftest.c >&5
configure:6904: $? = 0
configure:6921: result: yes
configure:6876: checking for stdlib.h
configure:6897: fccpx -Xg -pthread  -c -Kfast  conftest.c >&5
configure:6904: $? = 0
configure:6921: result: yes
configure:6876: checking for string.h
configure:6897: fccpx -Xg -pthread  -c -Kfast  conftest.c >&5
configure:6904: $? = 0
configure:6921: result: yes
configure:6876: checking for memory.h
configure:6897: fccpx -Xg -pthread  -c -Kfast  conftest.c >&5
configure:6904: $? = 0
configure:6921: result: yes
configure:6876: checking for strings.h
configure:6897: fccpx -Xg -pthread  -c -Kfast  conftest.c >&5
configure:6904: $? = 0
configure:6921: result: yes
configure:6876: checking for inttypes.h
configure:6897: fccpx -Xg -pthread  -c -Kfast  conftest.c >&5
configure:6904: $? = 0
configure:6921: result: yes
configure:6876: checking for stdint.h
configure:6897: fccpx -Xg -pthread  -c -Kfast  conftest.c >&5
configure:6904: $? = 0
configure:6921: result: yes
configure:6876: checking for unistd.h
configure:6897: fccpx -Xg -pthread  -c -Kfast  conftest.c >&5
configure:6904: $? = 0
configure:6921: result: yes
configure:6939: checking for dlfcn.h
configure:6960: fccpx -Xg -pthread  -c -Kfast  conftest.c >&5
configure:6967: $? = 0
configure:6984: result: yes
configure:7170: checking for objdir
configure:7185: result: .libs
configure:7477: checking if fccpx -Xg -pthread  supports -fno-rtti -fno-exceptions
configure:7495: fccpx -Xg -pthread  -c -Kfast  -fno-rtti -fno-exceptions conftest.c >&5
Command-line error: RTTI option can be used only when compiling C++

1 catastrophic error detected in this compilation.
Compilation terminated.
configure:7499: $? = 4
configure:7512: result: no
configure:7532: checking for fccpx -Xg -pthread  option to produce PIC
configure:7804: result: -fPIC -DPIC
configure:7816: checking if fccpx -Xg -pthread  PIC flag -fPIC -DPIC works
configure:7834: fccpx -Xg -pthread  -c -Kfast  -fPIC -DPIC -DPIC conftest.c >&5
configure:7838: $? = 0
configure:7851: result: yes
configure:7875: checking if fccpx -Xg -pthread  static flag -static works
configure:7903: result: no
configure:7918: checking if fccpx -Xg -pthread  supports -c -o file.o
configure:7939: fccpx -Xg -pthread  -c -Kfast  -o out/conftest2.o conftest.c >&5
configure:7943: $? = 0
configure:7965: result: yes
configure:7973: checking if fccpx -Xg -pthread  supports -c -o file.o
configure:8020: result: yes
configure:8053: checking whether the fccpx -Xg -pthread  linker (/opt/FJSVmxlang/util/bin/sparc64-unknown-linux-gnu-ld -m elf_x86_64) supports shared libraries
configure:9127: result: no
configure:9366: checking dynamic linker characteristics
configure:9809: fccpx -Xg -pthread  -o conftest -Kfast    conftest.c  >&5
configure:9816: $? = 0
configure:10052: result: GNU/Linux ld.so
configure:10154: checking how to hardcode library paths into programs
configure:10179: result: unsupported
configure:11012: checking whether stripping libraries is possible
configure:11017: result: yes
configure:11052: checking if libtool supports shared libraries
configure:11054: result: no
configure:11057: checking whether to build shared libraries
configure:11078: result: no
configure:11081: checking whether to build static libraries
configure:11085: result: yes
configure:11233: checking for C++ compiler version
configure:11241: FCCpx -Xg -pthread --version >&5
FCCpx (FCC) 2.0.0 20160622
simulating gcc version 4.1.2
Copyright FUJITSU LIMITED 2012-2016
configure:11245: $? = 0
configure:11252: FCCpx -Xg -pthread -v >&5
FCCpx: Fujitsu C/C++ Compiler Driver Version 2.0.0 P-id: T01776-01 (Jun 22 2016 14:52:00)
simulating gcc version 4.1.2
usage: FCCpx [options] files.
configure:11256: $? = 0
configure:11263: FCCpx -Xg -pthread -V >&5
FCCpx: Fujitsu C/C++ Compiler Driver Version 2.0.0 P-id: T01776-01 (Jun 22 2016 14:52:00)
simulating gcc version 4.1.2
usage: FCCpx [options] files.
configure:11267: $? = 0
configure:11270: checking whether we are using the GNU C++ compiler
configure:11299: FCCpx -Xg -pthread -c   conftest.cpp >&5
configure:11306: $? = 0
configure:11323: result: yes
configure:11332: checking whether FCCpx -Xg -pthread accepts -g
configure:11362: FCCpx -Xg -pthread -c -g  conftest.cpp >&5
configure:11369: $? = 0
configure:11470: result: yes
configure:11495: checking dependency style of FCCpx -Xg -pthread
configure:11605: result: gcc3
configure:11733: checking for C++ compiler version
configure:11741: FCCpx -Xg -pthread --version >&5
FCCpx (FCC) 2.0.0 20160622
simulating gcc version 4.1.2
Copyright FUJITSU LIMITED 2012-2016
configure:11745: $? = 0
configure:11752: FCCpx -Xg -pthread -v >&5
FCCpx: Fujitsu C/C++ Compiler Driver Version 2.0.0 P-id: T01776-01 (Jun 22 2016 14:52:00)
simulating gcc version 4.1.2
usage: FCCpx [options] files.
configure:11756: $? = 0
configure:11763: FCCpx -Xg -pthread -V >&5
FCCpx: Fujitsu C/C++ Compiler Driver Version 2.0.0 P-id: T01776-01 (Jun 22 2016 14:52:00)
simulating gcc version 4.1.2
usage: FCCpx [options] files.
configure:11767: $? = 0
configure:11770: checking whether we are using the GNU C++ compiler
configure:11823: result: yes
configure:11832: checking whether FCCpx -Xg -pthread accepts -g
configure:11970: result: yes
configure:11995: checking dependency style of FCCpx -Xg -pthread
configure:12105: result: gcc3
configure:12128: checking how to run the C++ preprocessor
configure:12164: FCCpx -Xg -pthread -E  conftest.cpp
configure:12171: $? = 0
configure:12202: FCCpx -Xg -pthread -E  conftest.cpp
"conftest.cpp", line 22: error: cannot open source file "ac_nonexistent.h"
  #include <ac_nonexistent.h>
                             ^

1 error detected in the compilation of "conftest.cpp".
configure:12209: $? = 2
configure: failed program was:
| /* confdefs.h.  */
| #define PACKAGE_NAME "snappy"
| #define PACKAGE_TARNAME "snappy"
| #define PACKAGE_VERSION "1.1.3"
| #define PACKAGE_STRING "snappy 1.1.3"
| #define PACKAGE_BUGREPORT ""
| #define PACKAGE "snappy"
| #define VERSION "1.1.3"
| #define STDC_HEADERS 1
| #define HAVE_SYS_TYPES_H 1
| #define HAVE_SYS_STAT_H 1
| #define HAVE_STDLIB_H 1
| #define HAVE_STRING_H 1
| #define HAVE_MEMORY_H 1
| #define HAVE_STRINGS_H 1
| #define HAVE_INTTYPES_H 1
| #define HAVE_STDINT_H 1
| #define HAVE_UNISTD_H 1
| #define HAVE_DLFCN_H 1
| #define LT_OBJDIR ".libs/"
| /* end confdefs.h.  */
| #include <ac_nonexistent.h>
configure:12242: result: FCCpx -Xg -pthread -E
configure:12271: FCCpx -Xg -pthread -E  conftest.cpp
configure:12278: $? = 0
configure:12309: FCCpx -Xg -pthread -E  conftest.cpp
"conftest.cpp", line 22: error: cannot open source file "ac_nonexistent.h"
  #include <ac_nonexistent.h>
                             ^

1 error detected in the compilation of "conftest.cpp".
configure:12316: $? = 2
configure: failed program was:
| /* confdefs.h.  */
| #define PACKAGE_NAME "snappy"
| #define PACKAGE_TARNAME "snappy"
| #define PACKAGE_VERSION "1.1.3"
| #define PACKAGE_STRING "snappy 1.1.3"
| #define PACKAGE_BUGREPORT ""
| #define PACKAGE "snappy"
| #define VERSION "1.1.3"
| #define STDC_HEADERS 1
| #define HAVE_SYS_TYPES_H 1
| #define HAVE_SYS_STAT_H 1
| #define HAVE_STDLIB_H 1
| #define HAVE_STRING_H 1
| #define HAVE_MEMORY_H 1
| #define HAVE_STRINGS_H 1
| #define HAVE_INTTYPES_H 1
| #define HAVE_STDINT_H 1
| #define HAVE_UNISTD_H 1
| #define HAVE_DLFCN_H 1
| #define LT_OBJDIR ".libs/"
| /* end confdefs.h.  */
| #include <ac_nonexistent.h>
configure:12492: checking for ld used by FCCpx -Xg -pthread
configure:12559: result: /opt/FJSVmxlang/util/bin/sparc64-unknown-linux-gnu-ld -m elf_x86_64
configure:12568: checking if the linker (/opt/FJSVmxlang/util/bin/sparc64-unknown-linux-gnu-ld -m elf_x86_64) is GNU ld
configure:12583: result: no
configure:12638: checking whether the FCCpx -Xg -pthread linker (/opt/FJSVmxlang/util/bin/sparc64-unknown-linux-gnu-ld -m elf_x86_64) supports shared libraries
configure:13613: result: yes
configure:13641: FCCpx -Xg -pthread -c -g -O2  conftest.cpp >&5
configure:13644: $? = 0
configure:13826: checking for FCCpx -Xg -pthread option to produce PIC
configure:14143: result: -fPIC -DPIC
configure:14152: checking if FCCpx -Xg -pthread PIC flag -fPIC -DPIC works
configure:14170: FCCpx -Xg -pthread -c -g -O2  -fPIC -DPIC -DPIC conftest.cpp >&5
configure:14174: $? = 0
configure:14187: result: yes
configure:14208: checking if FCCpx -Xg -pthread static flag -static works
configure:14236: result: no
configure:14248: checking if FCCpx -Xg -pthread supports -c -o file.o
configure:14269: FCCpx -Xg -pthread -c -g -O2  -o out/conftest2.o conftest.cpp >&5
configure:14273: $? = 0
configure:14295: result: yes
configure:14300: checking if FCCpx -Xg -pthread supports -c -o file.o
configure:14347: result: yes
configure:14377: checking whether the FCCpx -Xg -pthread linker (/opt/FJSVmxlang/util/bin/sparc64-unknown-linux-gnu-ld -m elf_x86_64) supports shared libraries
configure:14403: result: yes
configure:14540: checking dynamic linker characteristics
configure:14931: FCCpx -Xg -pthread -o conftest -g -O2    conftest.cpp  >&5
configure:14938: $? = 0
configure:15174: result: GNU/Linux ld.so
configure:15225: checking how to hardcode library paths into programs
configure:15250: result: unsupported
configure:15296: checking whether byte ordering is bigendian
configure:15321: FCCpx -Xg -pthread -c -g -O2  conftest.cpp >&5
"conftest.cpp", line 23: error: expected a declaration
  	       not a universal capable compiler
  	       ^

1 error detected in the compilation of "conftest.cpp".
configure:15328: $? = 2
configure: failed program was:
| /* confdefs.h.  */
| #define PACKAGE_NAME "snappy"
| #define PACKAGE_TARNAME "snappy"
| #define PACKAGE_VERSION "1.1.3"
| #define PACKAGE_STRING "snappy 1.1.3"
| #define PACKAGE_BUGREPORT ""
| #define PACKAGE "snappy"
| #define VERSION "1.1.3"
| #define STDC_HEADERS 1
| #define HAVE_SYS_TYPES_H 1
| #define HAVE_SYS_STAT_H 1
| #define HAVE_STDLIB_H 1
| #define HAVE_STRING_H 1
| #define HAVE_MEMORY_H 1
| #define HAVE_STRINGS_H 1
| #define HAVE_INTTYPES_H 1
| #define HAVE_STDINT_H 1
| #define HAVE_UNISTD_H 1
| #define HAVE_DLFCN_H 1
| #define LT_OBJDIR ".libs/"
| /* end confdefs.h.  */
| #ifndef __APPLE_CC__
| 	       not a universal capable compiler
| 	     #endif
| 	     typedef int dummy;
| 
configure:15378: FCCpx -Xg -pthread -c -g -O2  conftest.cpp >&5
configure:15385: $? = 0
configure:15417: FCCpx -Xg -pthread -c -g -O2  conftest.cpp >&5
configure:15424: $? = 0
configure:15676: result: yes
configure:15701: checking for size_t
configure:15729: FCCpx -Xg -pthread -c -g -O2  conftest.cpp >&5
"conftest.cpp", line 62: warning: statement is unreachable
    return 0;
    ^

configure:15736: $? = 0
configure:15763: FCCpx -Xg -pthread -c -g -O2  conftest.cpp >&5
"conftest.cpp", line 59: error: expected an expression
  if (sizeof ((size_t)))
                      ^

1 error detected in the compilation of "conftest.cpp".
configure:15770: $? = 2
configure: failed program was:
| /* confdefs.h.  */
| #define PACKAGE_NAME "snappy"
| #define PACKAGE_TARNAME "snappy"
| #define PACKAGE_VERSION "1.1.3"
| #define PACKAGE_STRING "snappy 1.1.3"
| #define PACKAGE_BUGREPORT ""
| #define PACKAGE "snappy"
| #define VERSION "1.1.3"
| #define STDC_HEADERS 1
| #define HAVE_SYS_TYPES_H 1
| #define HAVE_SYS_STAT_H 1
| #define HAVE_STDLIB_H 1
| #define HAVE_STRING_H 1
| #define HAVE_MEMORY_H 1
| #define HAVE_STRINGS_H 1
| #define HAVE_INTTYPES_H 1
| #define HAVE_STDINT_H 1
| #define HAVE_UNISTD_H 1
| #define HAVE_DLFCN_H 1
| #define LT_OBJDIR ".libs/"
| #define WORDS_BIGENDIAN 1
| /* end confdefs.h.  */
| #include <stdio.h>
| #ifdef HAVE_SYS_TYPES_H
| # include <sys/types.h>
| #endif
| #ifdef HAVE_SYS_STAT_H
| # include <sys/stat.h>
| #endif
| #ifdef STDC_HEADERS
| # include <stdlib.h>
| # include <stddef.h>
| #else
| # ifdef HAVE_STDLIB_H
| #  include <stdlib.h>
| # endif
| #endif
| #ifdef HAVE_STRING_H
| # if !defined STDC_HEADERS && defined HAVE_MEMORY_H
| #  include <memory.h>
| # endif
| # include <string.h>
| #endif
| #ifdef HAVE_STRINGS_H
| # include <strings.h>
| #endif
| #ifdef HAVE_INTTYPES_H
| # include <inttypes.h>
| #endif
| #ifdef HAVE_STDINT_H
| # include <stdint.h>
| #endif
| #ifdef HAVE_UNISTD_H
| # include <unistd.h>
| #endif
| int
| main ()
| {
| if (sizeof ((size_t)))
| 	  return 0;
|   ;
|   return 0;
| }
configure:15793: result: yes
configure:15805: checking for ssize_t
configure:15833: FCCpx -Xg -pthread -c -g -O2  conftest.cpp >&5
"conftest.cpp", line 62: warning: statement is unreachable
    return 0;
    ^

configure:15840: $? = 0
configure:15867: FCCpx -Xg -pthread -c -g -O2  conftest.cpp >&5
"conftest.cpp", line 59: error: expected an expression
  if (sizeof ((ssize_t)))
                       ^

1 error detected in the compilation of "conftest.cpp".
configure:15874: $? = 2
configure: failed program was:
| /* confdefs.h.  */
| #define PACKAGE_NAME "snappy"
| #define PACKAGE_TARNAME "snappy"
| #define PACKAGE_VERSION "1.1.3"
| #define PACKAGE_STRING "snappy 1.1.3"
| #define PACKAGE_BUGREPORT ""
| #define PACKAGE "snappy"
| #define VERSION "1.1.3"
| #define STDC_HEADERS 1
| #define HAVE_SYS_TYPES_H 1
| #define HAVE_SYS_STAT_H 1
| #define HAVE_STDLIB_H 1
| #define HAVE_STRING_H 1
| #define HAVE_MEMORY_H 1
| #define HAVE_STRINGS_H 1
| #define HAVE_INTTYPES_H 1
| #define HAVE_STDINT_H 1
| #define HAVE_UNISTD_H 1
| #define HAVE_DLFCN_H 1
| #define LT_OBJDIR ".libs/"
| #define WORDS_BIGENDIAN 1
| /* end confdefs.h.  */
| #include <stdio.h>
| #ifdef HAVE_SYS_TYPES_H
| # include <sys/types.h>
| #endif
| #ifdef HAVE_SYS_STAT_H
| # include <sys/stat.h>
| #endif
| #ifdef STDC_HEADERS
| # include <stdlib.h>
| # include <stddef.h>
| #else
| # ifdef HAVE_STDLIB_H
| #  include <stdlib.h>
| # endif
| #endif
| #ifdef HAVE_STRING_H
| # if !defined STDC_HEADERS && defined HAVE_MEMORY_H
| #  include <memory.h>
| # endif
| # include <string.h>
| #endif
| #ifdef HAVE_STRINGS_H
| # include <strings.h>
| #endif
| #ifdef HAVE_INTTYPES_H
| # include <inttypes.h>
| #endif
| #ifdef HAVE_STDINT_H
| # include <stdint.h>
| #endif
| #ifdef HAVE_UNISTD_H
| # include <unistd.h>
| #endif
| int
| main ()
| {
| if (sizeof ((ssize_t)))
| 	  return 0;
|   ;
|   return 0;
| }
configure:15897: result: yes
configure:15923: checking for stdint.h
configure:15930: result: yes
configure:15934: checking stddef.h usability
configure:15951: FCCpx -Xg -pthread -c -g -O2  conftest.cpp >&5
configure:15958: $? = 0
configure:15972: result: yes
configure:15976: checking stddef.h presence
configure:15991: FCCpx -Xg -pthread -E  conftest.cpp
configure:15998: $? = 0
configure:16012: result: yes
configure:16040: checking for stddef.h
configure:16049: result: yes
configure:15934: checking sys/mman.h usability
configure:15951: FCCpx -Xg -pthread -c -g -O2  conftest.cpp >&5
configure:15958: $? = 0
configure:15972: result: yes
configure:15976: checking sys/mman.h presence
configure:15991: FCCpx -Xg -pthread -E  conftest.cpp
configure:15998: $? = 0
configure:16012: result: yes
configure:16040: checking for sys/mman.h
configure:16049: result: yes
configure:15934: checking sys/resource.h usability
configure:15951: FCCpx -Xg -pthread -c -g -O2  conftest.cpp >&5
configure:15958: $? = 0
configure:15972: result: yes
configure:15976: checking sys/resource.h presence
configure:15991: FCCpx -Xg -pthread -E  conftest.cpp
configure:15998: $? = 0
configure:16012: result: yes
configure:16040: checking for sys/resource.h
configure:16049: result: yes
configure:15934: checking windows.h usability
configure:15951: FCCpx -Xg -pthread -c -g -O2  conftest.cpp >&5
"conftest.cpp", line 60: catastrophic error: cannot open source file "windows.h"
  #include <windows.h>
                      ^

1 catastrophic error detected in the compilation of "conftest.cpp".
Compilation terminated.
configure:15958: $? = 4
configure: failed program was:
| /* confdefs.h.  */
| #define PACKAGE_NAME "snappy"
| #define PACKAGE_TARNAME "snappy"
| #define PACKAGE_VERSION "1.1.3"
| #define PACKAGE_STRING "snappy 1.1.3"
| #define PACKAGE_BUGREPORT ""
| #define PACKAGE "snappy"
| #define VERSION "1.1.3"
| #define STDC_HEADERS 1
| #define HAVE_SYS_TYPES_H 1
| #define HAVE_SYS_STAT_H 1
| #define HAVE_STDLIB_H 1
| #define HAVE_STRING_H 1
| #define HAVE_MEMORY_H 1
| #define HAVE_STRINGS_H 1
| #define HAVE_INTTYPES_H 1
| #define HAVE_STDINT_H 1
| #define HAVE_UNISTD_H 1
| #define HAVE_DLFCN_H 1
| #define LT_OBJDIR ".libs/"
| #define WORDS_BIGENDIAN 1
| #define HAVE_STDINT_H 1
| #define HAVE_STDDEF_H 1
| #define HAVE_SYS_MMAN_H 1
| #define HAVE_SYS_RESOURCE_H 1
| /* end confdefs.h.  */
| #include <stdio.h>
| #ifdef HAVE_SYS_TYPES_H
| # include <sys/types.h>
| #endif
| #ifdef HAVE_SYS_STAT_H
| # include <sys/stat.h>
| #endif
| #ifdef STDC_HEADERS
| # include <stdlib.h>
| # include <stddef.h>
| #else
| # ifdef HAVE_STDLIB_H
| #  include <stdlib.h>
| # endif
| #endif
| #ifdef HAVE_STRING_H
| # if !defined STDC_HEADERS && defined HAVE_MEMORY_H
| #  include <memory.h>
| # endif
| # include <string.h>
| #endif
| #ifdef HAVE_STRINGS_H
| # include <strings.h>
| #endif
| #ifdef HAVE_INTTYPES_H
| # include <inttypes.h>
| #endif
| #ifdef HAVE_STDINT_H
| # include <stdint.h>
| #endif
| #ifdef HAVE_UNISTD_H
| # include <unistd.h>
| #endif
| #include <windows.h>
configure:15972: result: no
configure:15976: checking windows.h presence
configure:15991: FCCpx -Xg -pthread -E  conftest.cpp
"conftest.cpp", line 27: error: cannot open source file "windows.h"
  #include <windows.h>
                      ^

1 error detected in the compilation of "conftest.cpp".
configure:15998: $? = 2
configure: failed program was:
| /* confdefs.h.  */
| #define PACKAGE_NAME "snappy"
| #define PACKAGE_TARNAME "snappy"
| #define PACKAGE_VERSION "1.1.3"
| #define PACKAGE_STRING "snappy 1.1.3"
| #define PACKAGE_BUGREPORT ""
| #define PACKAGE "snappy"
| #define VERSION "1.1.3"
| #define STDC_HEADERS 1
| #define HAVE_SYS_TYPES_H 1
| #define HAVE_SYS_STAT_H 1
| #define HAVE_STDLIB_H 1
| #define HAVE_STRING_H 1
| #define HAVE_MEMORY_H 1
| #define HAVE_STRINGS_H 1
| #define HAVE_INTTYPES_H 1
| #define HAVE_STDINT_H 1
| #define HAVE_UNISTD_H 1
| #define HAVE_DLFCN_H 1
| #define LT_OBJDIR ".libs/"
| #define WORDS_BIGENDIAN 1
| #define HAVE_STDINT_H 1
| #define HAVE_STDDEF_H 1
| #define HAVE_SYS_MMAN_H 1
| #define HAVE_SYS_RESOURCE_H 1
| /* end confdefs.h.  */
| #include <windows.h>
configure:16012: result: no
configure:16040: checking for windows.h
configure:16049: result: no
configure:15934: checking byteswap.h usability
configure:15951: FCCpx -Xg -pthread -c -g -O2  conftest.cpp >&5
configure:15958: $? = 0
configure:15972: result: yes
configure:15976: checking byteswap.h presence
configure:15991: FCCpx -Xg -pthread -E  conftest.cpp
configure:15998: $? = 0
configure:16012: result: yes
configure:16040: checking for byteswap.h
configure:16049: result: yes
configure:15934: checking sys/byteswap.h usability
configure:15951: FCCpx -Xg -pthread -c -g -O2  conftest.cpp >&5
"conftest.cpp", line 61: catastrophic error: cannot open source file "sys/byteswap.h"
  #include <sys/byteswap.h>
                           ^

1 catastrophic error detected in the compilation of "conftest.cpp".
Compilation terminated.
configure:15958: $? = 4
configure: failed program was:
| /* confdefs.h.  */
| #define PACKAGE_NAME "snappy"
| #define PACKAGE_TARNAME "snappy"
| #define PACKAGE_VERSION "1.1.3"
| #define PACKAGE_STRING "snappy 1.1.3"
| #define PACKAGE_BUGREPORT ""
| #define PACKAGE "snappy"
| #define VERSION "1.1.3"
| #define STDC_HEADERS 1
| #define HAVE_SYS_TYPES_H 1
| #define HAVE_SYS_STAT_H 1
| #define HAVE_STDLIB_H 1
| #define HAVE_STRING_H 1
| #define HAVE_MEMORY_H 1
| #define HAVE_STRINGS_H 1
| #define HAVE_INTTYPES_H 1
| #define HAVE_STDINT_H 1
| #define HAVE_UNISTD_H 1
| #define HAVE_DLFCN_H 1
| #define LT_OBJDIR ".libs/"
| #define WORDS_BIGENDIAN 1
| #define HAVE_STDINT_H 1
| #define HAVE_STDDEF_H 1
| #define HAVE_SYS_MMAN_H 1
| #define HAVE_SYS_RESOURCE_H 1
| #define HAVE_BYTESWAP_H 1
| /* end confdefs.h.  */
| #include <stdio.h>
| #ifdef HAVE_SYS_TYPES_H
| # include <sys/types.h>
| #endif
| #ifdef HAVE_SYS_STAT_H
| # include <sys/stat.h>
| #endif
| #ifdef STDC_HEADERS
| # include <stdlib.h>
| # include <stddef.h>
| #else
| # ifdef HAVE_STDLIB_H
| #  include <stdlib.h>
| # endif
| #endif
| #ifdef HAVE_STRING_H
| # if !defined STDC_HEADERS && defined HAVE_MEMORY_H
| #  include <memory.h>
| # endif
| # include <string.h>
| #endif
| #ifdef HAVE_STRINGS_H
| # include <strings.h>
| #endif
| #ifdef HAVE_INTTYPES_H
| # include <inttypes.h>
| #endif
| #ifdef HAVE_STDINT_H
| # include <stdint.h>
| #endif
| #ifdef HAVE_UNISTD_H
| # include <unistd.h>
| #endif
| #include <sys/byteswap.h>
configure:15972: result: no
configure:15976: checking sys/byteswap.h presence
configure:15991: FCCpx -Xg -pthread -E  conftest.cpp
"conftest.cpp", line 28: error: cannot open source file "sys/byteswap.h"
  #include <sys/byteswap.h>
                           ^

1 error detected in the compilation of "conftest.cpp".
configure:15998: $? = 2
configure: failed program was:
| /* confdefs.h.  */
| #define PACKAGE_NAME "snappy"
| #define PACKAGE_TARNAME "snappy"
| #define PACKAGE_VERSION "1.1.3"
| #define PACKAGE_STRING "snappy 1.1.3"
| #define PACKAGE_BUGREPORT ""
| #define PACKAGE "snappy"
| #define VERSION "1.1.3"
| #define STDC_HEADERS 1
| #define HAVE_SYS_TYPES_H 1
| #define HAVE_SYS_STAT_H 1
| #define HAVE_STDLIB_H 1
| #define HAVE_STRING_H 1
| #define HAVE_MEMORY_H 1
| #define HAVE_STRINGS_H 1
| #define HAVE_INTTYPES_H 1
| #define HAVE_STDINT_H 1
| #define HAVE_UNISTD_H 1
| #define HAVE_DLFCN_H 1
| #define LT_OBJDIR ".libs/"
| #define WORDS_BIGENDIAN 1
| #define HAVE_STDINT_H 1
| #define HAVE_STDDEF_H 1
| #define HAVE_SYS_MMAN_H 1
| #define HAVE_SYS_RESOURCE_H 1
| #define HAVE_BYTESWAP_H 1
| /* end confdefs.h.  */
| #include <sys/byteswap.h>
configure:16012: result: no
configure:16040: checking for sys/byteswap.h
configure:16049: result: no
configure:15934: checking sys/endian.h usability
configure:15951: FCCpx -Xg -pthread -c -g -O2  conftest.cpp >&5
"conftest.cpp", line 61: catastrophic error: cannot open source file "sys/endian.h"
  #include <sys/endian.h>
                         ^

1 catastrophic error detected in the compilation of "conftest.cpp".
Compilation terminated.
configure:15958: $? = 4
configure: failed program was:
| /* confdefs.h.  */
| #define PACKAGE_NAME "snappy"
| #define PACKAGE_TARNAME "snappy"
| #define PACKAGE_VERSION "1.1.3"
| #define PACKAGE_STRING "snappy 1.1.3"
| #define PACKAGE_BUGREPORT ""
| #define PACKAGE "snappy"
| #define VERSION "1.1.3"
| #define STDC_HEADERS 1
| #define HAVE_SYS_TYPES_H 1
| #define HAVE_SYS_STAT_H 1
| #define HAVE_STDLIB_H 1
| #define HAVE_STRING_H 1
| #define HAVE_MEMORY_H 1
| #define HAVE_STRINGS_H 1
| #define HAVE_INTTYPES_H 1
| #define HAVE_STDINT_H 1
| #define HAVE_UNISTD_H 1
| #define HAVE_DLFCN_H 1
| #define LT_OBJDIR ".libs/"
| #define WORDS_BIGENDIAN 1
| #define HAVE_STDINT_H 1
| #define HAVE_STDDEF_H 1
| #define HAVE_SYS_MMAN_H 1
| #define HAVE_SYS_RESOURCE_H 1
| #define HAVE_BYTESWAP_H 1
| /* end confdefs.h.  */
| #include <stdio.h>
| #ifdef HAVE_SYS_TYPES_H
| # include <sys/types.h>
| #endif
| #ifdef HAVE_SYS_STAT_H
| # include <sys/stat.h>
| #endif
| #ifdef STDC_HEADERS
| # include <stdlib.h>
| # include <stddef.h>
| #else
| # ifdef HAVE_STDLIB_H
| #  include <stdlib.h>
| # endif
| #endif
| #ifdef HAVE_STRING_H
| # if !defined STDC_HEADERS && defined HAVE_MEMORY_H
| #  include <memory.h>
| # endif
| # include <string.h>
| #endif
| #ifdef HAVE_STRINGS_H
| # include <strings.h>
| #endif
| #ifdef HAVE_INTTYPES_H
| # include <inttypes.h>
| #endif
| #ifdef HAVE_STDINT_H
| # include <stdint.h>
| #endif
| #ifdef HAVE_UNISTD_H
| # include <unistd.h>
| #endif
| #include <sys/endian.h>
configure:15972: result: no
configure:15976: checking sys/endian.h presence
configure:15991: FCCpx -Xg -pthread -E  conftest.cpp
"conftest.cpp", line 28: error: cannot open source file "sys/endian.h"
  #include <sys/endian.h>
                         ^

1 error detected in the compilation of "conftest.cpp".
configure:15998: $? = 2
configure: failed program was:
| /* confdefs.h.  */
| #define PACKAGE_NAME "snappy"
| #define PACKAGE_TARNAME "snappy"
| #define PACKAGE_VERSION "1.1.3"
| #define PACKAGE_STRING "snappy 1.1.3"
| #define PACKAGE_BUGREPORT ""
| #define PACKAGE "snappy"
| #define VERSION "1.1.3"
| #define STDC_HEADERS 1
| #define HAVE_SYS_TYPES_H 1
| #define HAVE_SYS_STAT_H 1
| #define HAVE_STDLIB_H 1
| #define HAVE_STRING_H 1
| #define HAVE_MEMORY_H 1
| #define HAVE_STRINGS_H 1
| #define HAVE_INTTYPES_H 1
| #define HAVE_STDINT_H 1
| #define HAVE_UNISTD_H 1
| #define HAVE_DLFCN_H 1
| #define LT_OBJDIR ".libs/"
| #define WORDS_BIGENDIAN 1
| #define HAVE_STDINT_H 1
| #define HAVE_STDDEF_H 1
| #define HAVE_SYS_MMAN_H 1
| #define HAVE_SYS_RESOURCE_H 1
| #define HAVE_BYTESWAP_H 1
| /* end confdefs.h.  */
| #include <sys/endian.h>
configure:16012: result: no
configure:16040: checking for sys/endian.h
configure:16049: result: no
configure:15934: checking sys/time.h usability
configure:15951: FCCpx -Xg -pthread -c -g -O2  conftest.cpp >&5
configure:15958: $? = 0
configure:15972: result: yes
configure:15976: checking sys/time.h presence
configure:15991: FCCpx -Xg -pthread -E  conftest.cpp
configure:15998: $? = 0
configure:16012: result: yes
configure:16040: checking for sys/time.h
configure:16049: result: yes
configure:16067: checking for mmap
configure:16123: FCCpx -Xg -pthread -o conftest -g -O2   conftest.cpp  >&5
"conftest.cpp", line 65: warning: statement is unreachable
    return 0;
    ^

configure:16130: $? = 0
configure:16150: result: yes
configure:16170: checking for 'gtest-config'
configure:16197: checking for gtest-config
configure:16230: result: no
configure:16253: result: no
configure:16356: checking for pkg-config
configure:16374: found /usr/bin/pkg-config
configure:16386: result: /usr/bin/pkg-config
configure:16411: checking pkg-config is at least version 0.9.0
configure:16414: result: yes
configure:16425: checking for gflags
configure:16432: $PKG_CONFIG --exists --print-errors "libgflags"
Package libgflags was not found in the pkg-config search path.
Perhaps you should add the directory containing `libgflags.pc'
to the PKG_CONFIG_PATH environment variable
No package 'libgflags' found
configure:16435: $? = 1
configure:16448: $PKG_CONFIG --exists --print-errors "libgflags"
Package libgflags was not found in the pkg-config search path.
Perhaps you should add the directory containing `libgflags.pc'
to the PKG_CONFIG_PATH environment variable
No package 'libgflags' found
configure:16451: $? = 1
No package 'libgflags' found
configure:16478: result: no
configure:16514: checking if the compiler supports __builtin_expect
configure:16540: FCCpx -Xg -pthread -c -g -O2  conftest.cpp >&5
"conftest.cpp", line 37: warning: statement is unreachable
    return 0;
    ^

configure:16547: $? = 0
configure:16554: result: yes
configure:16579: checking if the compiler supports __builtin_ctzll
configure:16605: FCCpx -Xg -pthread -c -g -O2  conftest.cpp >&5
"conftest.cpp", line 38: warning: statement is unreachable
    return 0;
    ^

configure:16612: $? = 0
configure:16619: result: yes
configure:16649: checking for zlibVersion in -lz
configure:16684: FCCpx -Xg -pthread -o conftest -g -O2   conftest.cpp -lz   >&5
"conftest.cpp", line 44: warning: statement is unreachable
    return 0;
    ^

configure:16691: $? = 0
configure:16712: result: yes
configure:16731: checking for lzo1x_1_15_compress in -llzo2
configure:16766: FCCpx -Xg -pthread -o conftest -g -O2   conftest.cpp -llzo2   >&5
"conftest.cpp", line 45: warning: statement is unreachable
    return 0;
    ^

/opt/FJSVmxlang/bin/../util/bin/sparc64-unknown-linux-gnu-ld: cannot find -llzo2
configure:16773: $? = 1
configure: failed program was:
| /* confdefs.h.  */
| #define PACKAGE_NAME "snappy"
| #define PACKAGE_TARNAME "snappy"
| #define PACKAGE_VERSION "1.1.3"
| #define PACKAGE_STRING "snappy 1.1.3"
| #define PACKAGE_BUGREPORT ""
| #define PACKAGE "snappy"
| #define VERSION "1.1.3"
| #define STDC_HEADERS 1
| #define HAVE_SYS_TYPES_H 1
| #define HAVE_SYS_STAT_H 1
| #define HAVE_STDLIB_H 1
| #define HAVE_STRING_H 1
| #define HAVE_MEMORY_H 1
| #define HAVE_STRINGS_H 1
| #define HAVE_INTTYPES_H 1
| #define HAVE_STDINT_H 1
| #define HAVE_UNISTD_H 1
| #define HAVE_DLFCN_H 1
| #define LT_OBJDIR ".libs/"
| #define WORDS_BIGENDIAN 1
| #define HAVE_STDINT_H 1
| #define HAVE_STDDEF_H 1
| #define HAVE_SYS_MMAN_H 1
| #define HAVE_SYS_RESOURCE_H 1
| #define HAVE_BYTESWAP_H 1
| #define HAVE_SYS_TIME_H 1
| #define HAVE_BUILTIN_EXPECT 1
| #define HAVE_BUILTIN_CTZ 1
| #define HAVE_LIBZ 1
| /* end confdefs.h.  */
| 
| /* Override any GCC internal prototype to avoid an error.
|    Use char because int might match the return type of a GCC
|    builtin and then its argument prototype would still apply.  */
| #ifdef __cplusplus
| extern "C"
| #endif
| char lzo1x_1_15_compress ();
| int
| main ()
| {
| return lzo1x_1_15_compress ();
|   ;
|   return 0;
| }
configure:16794: result: no
configure:16813: checking for lzf_compress in -llzf
configure:16848: FCCpx -Xg -pthread -o conftest -g -O2   conftest.cpp -llzf   >&5
"conftest.cpp", line 45: warning: statement is unreachable
    return 0;
    ^

/opt/FJSVmxlang/bin/../util/bin/sparc64-unknown-linux-gnu-ld: cannot find -llzf
configure:16855: $? = 1
configure: failed program was:
| /* confdefs.h.  */
| #define PACKAGE_NAME "snappy"
| #define PACKAGE_TARNAME "snappy"
| #define PACKAGE_VERSION "1.1.3"
| #define PACKAGE_STRING "snappy 1.1.3"
| #define PACKAGE_BUGREPORT ""
| #define PACKAGE "snappy"
| #define VERSION "1.1.3"
| #define STDC_HEADERS 1
| #define HAVE_SYS_TYPES_H 1
| #define HAVE_SYS_STAT_H 1
| #define HAVE_STDLIB_H 1
| #define HAVE_STRING_H 1
| #define HAVE_MEMORY_H 1
| #define HAVE_STRINGS_H 1
| #define HAVE_INTTYPES_H 1
| #define HAVE_STDINT_H 1
| #define HAVE_UNISTD_H 1
| #define HAVE_DLFCN_H 1
| #define LT_OBJDIR ".libs/"
| #define WORDS_BIGENDIAN 1
| #define HAVE_STDINT_H 1
| #define HAVE_STDDEF_H 1
| #define HAVE_SYS_MMAN_H 1
| #define HAVE_SYS_RESOURCE_H 1
| #define HAVE_BYTESWAP_H 1
| #define HAVE_SYS_TIME_H 1
| #define HAVE_BUILTIN_EXPECT 1
| #define HAVE_BUILTIN_CTZ 1
| #define HAVE_LIBZ 1
| /* end confdefs.h.  */
| 
| /* Override any GCC internal prototype to avoid an error.
|    Use char because int might match the return type of a GCC
|    builtin and then its argument prototype would still apply.  */
| #ifdef __cplusplus
| extern "C"
| #endif
| char lzf_compress ();
| int
| main ()
| {
| return lzf_compress ();
|   ;
|   return 0;
| }
configure:16876: result: no
configure:16895: checking for fastlz_compress in -lfastlz
configure:16930: FCCpx -Xg -pthread -o conftest -g -O2   conftest.cpp -lfastlz   >&5
"conftest.cpp", line 45: warning: statement is unreachable
    return 0;
    ^

/opt/FJSVmxlang/bin/../util/bin/sparc64-unknown-linux-gnu-ld: cannot find -lfastlz
configure:16937: $? = 1
configure: failed program was:
| /* confdefs.h.  */
| #define PACKAGE_NAME "snappy"
| #define PACKAGE_TARNAME "snappy"
| #define PACKAGE_VERSION "1.1.3"
| #define PACKAGE_STRING "snappy 1.1.3"
| #define PACKAGE_BUGREPORT ""
| #define PACKAGE "snappy"
| #define VERSION "1.1.3"
| #define STDC_HEADERS 1
| #define HAVE_SYS_TYPES_H 1
| #define HAVE_SYS_STAT_H 1
| #define HAVE_STDLIB_H 1
| #define HAVE_STRING_H 1
| #define HAVE_MEMORY_H 1
| #define HAVE_STRINGS_H 1
| #define HAVE_INTTYPES_H 1
| #define HAVE_STDINT_H 1
| #define HAVE_UNISTD_H 1
| #define HAVE_DLFCN_H 1
| #define LT_OBJDIR ".libs/"
| #define WORDS_BIGENDIAN 1
| #define HAVE_STDINT_H 1
| #define HAVE_STDDEF_H 1
| #define HAVE_SYS_MMAN_H 1
| #define HAVE_SYS_RESOURCE_H 1
| #define HAVE_BYTESWAP_H 1
| #define HAVE_SYS_TIME_H 1
| #define HAVE_BUILTIN_EXPECT 1
| #define HAVE_BUILTIN_CTZ 1
| #define HAVE_LIBZ 1
| /* end confdefs.h.  */
| 
| /* Override any GCC internal prototype to avoid an error.
|    Use char because int might match the return type of a GCC
|    builtin and then its argument prototype would still apply.  */
| #ifdef __cplusplus
| extern "C"
| #endif
| char fastlz_compress ();
| int
| main ()
| {
| return fastlz_compress ();
|   ;
|   return 0;
| }
configure:16958: result: no
configure:16977: checking for qlz_compress in -lquicklz
configure:17012: FCCpx -Xg -pthread -o conftest -g -O2   conftest.cpp -lquicklz   >&5
"conftest.cpp", line 45: warning: statement is unreachable
    return 0;
    ^

/opt/FJSVmxlang/bin/../util/bin/sparc64-unknown-linux-gnu-ld: cannot find -lquicklz
configure:17019: $? = 1
configure: failed program was:
| /* confdefs.h.  */
| #define PACKAGE_NAME "snappy"
| #define PACKAGE_TARNAME "snappy"
| #define PACKAGE_VERSION "1.1.3"
| #define PACKAGE_STRING "snappy 1.1.3"
| #define PACKAGE_BUGREPORT ""
| #define PACKAGE "snappy"
| #define VERSION "1.1.3"
| #define STDC_HEADERS 1
| #define HAVE_SYS_TYPES_H 1
| #define HAVE_SYS_STAT_H 1
| #define HAVE_STDLIB_H 1
| #define HAVE_STRING_H 1
| #define HAVE_MEMORY_H 1
| #define HAVE_STRINGS_H 1
| #define HAVE_INTTYPES_H 1
| #define HAVE_STDINT_H 1
| #define HAVE_UNISTD_H 1
| #define HAVE_DLFCN_H 1
| #define LT_OBJDIR ".libs/"
| #define WORDS_BIGENDIAN 1
| #define HAVE_STDINT_H 1
| #define HAVE_STDDEF_H 1
| #define HAVE_SYS_MMAN_H 1
| #define HAVE_SYS_RESOURCE_H 1
| #define HAVE_BYTESWAP_H 1
| #define HAVE_SYS_TIME_H 1
| #define HAVE_BUILTIN_EXPECT 1
| #define HAVE_BUILTIN_CTZ 1
| #define HAVE_LIBZ 1
| /* end confdefs.h.  */
| 
| /* Override any GCC internal prototype to avoid an error.
|    Use char because int might match the return type of a GCC
|    builtin and then its argument prototype would still apply.  */
| #ifdef __cplusplus
| extern "C"
| #endif
| char qlz_compress ();
| int
| main ()
| {
| return qlz_compress ();
|   ;
|   return 0;
| }
configure:17040: result: no
configure:17242: creating ./config.status

## ---------------------- ##
## Running config.status. ##
## ---------------------- ##

This file was extended by snappy config.status 1.1.3, which was
generated by GNU Autoconf 2.63.  Invocation command line was

  CONFIG_FILES    = 
  CONFIG_HEADERS  = 
  CONFIG_LINKS    = 
  CONFIG_COMMANDS = 
  $ ./config.status 

on fx03

config.status:1074: creating Makefile
config.status:1074: creating snappy-stubs-public.h
config.status:1074: creating config.h
config.status:1296: config.h is unchanged
config.status:1348: executing depfiles commands
config.status:1348: executing libtool commands

## ---------------- ##
## Cache variables. ##
## ---------------- ##

ac_cv_build=x86_64-unknown-linux-gnu
ac_cv_c_bigendian=yes
ac_cv_c_compiler_gnu=yes
ac_cv_cxx_compiler_gnu=yes
ac_cv_env_CCC_set=
ac_cv_env_CCC_value=
ac_cv_env_CC_set=set
ac_cv_env_CC_value='fccpx -Xg -pthread '
ac_cv_env_CFLAGS_set=set
ac_cv_env_CFLAGS_value=-Kfast
ac_cv_env_CPPFLAGS_set=
ac_cv_env_CPPFLAGS_value=
ac_cv_env_CPP_set=
ac_cv_env_CPP_value=
ac_cv_env_CXXCPP_set=
ac_cv_env_CXXCPP_value=
ac_cv_env_CXXFLAGS_set=
ac_cv_env_CXXFLAGS_value=
ac_cv_env_CXX_set=set
ac_cv_env_CXX_value='FCCpx -Xg -pthread'
ac_cv_env_GTEST_CONFIG_set=
ac_cv_env_GTEST_CONFIG_value=
ac_cv_env_GTEST_CPPFLAGS_set=
ac_cv_env_GTEST_CPPFLAGS_value=
ac_cv_env_GTEST_CXXFLAGS_set=
ac_cv_env_GTEST_CXXFLAGS_value=
ac_cv_env_GTEST_LDFLAGS_set=
ac_cv_env_GTEST_LDFLAGS_value=
ac_cv_env_GTEST_LIBS_set=
ac_cv_env_GTEST_LIBS_value=
ac_cv_env_GTEST_VERSION_set=
ac_cv_env_GTEST_VERSION_value=
ac_cv_env_LDFLAGS_set=
ac_cv_env_LDFLAGS_value=
ac_cv_env_LIBS_set=
ac_cv_env_LIBS_value=
ac_cv_env_PKG_CONFIG_set=
ac_cv_env_PKG_CONFIG_value=
ac_cv_env_build_alias_set=
ac_cv_env_build_alias_value=
ac_cv_env_gflags_CFLAGS_set=
ac_cv_env_gflags_CFLAGS_value=
ac_cv_env_gflags_LIBS_set=
ac_cv_env_gflags_LIBS_value=
ac_cv_env_host_alias_set=
ac_cv_env_host_alias_value=
ac_cv_env_target_alias_set=
ac_cv_env_target_alias_value=
ac_cv_func_mmap=yes
ac_cv_have_stddef_h=1
ac_cv_have_stdint_h=1
ac_cv_have_sys_uio_h=0
ac_cv_header_byteswap_h=yes
ac_cv_header_dlfcn_h=yes
ac_cv_header_inttypes_h=yes
ac_cv_header_memory_h=yes
ac_cv_header_stdc=yes
ac_cv_header_stddef_h=yes
ac_cv_header_stdint_h=yes
ac_cv_header_stdlib_h=yes
ac_cv_header_string_h=yes
ac_cv_header_strings_h=yes
ac_cv_header_sys_byteswap_h=no
ac_cv_header_sys_endian_h=no
ac_cv_header_sys_mman_h=yes
ac_cv_header_sys_resource_h=yes
ac_cv_header_sys_stat_h=yes
ac_cv_header_sys_time_h=yes
ac_cv_header_sys_types_h=yes
ac_cv_header_unistd_h=yes
ac_cv_header_windows_h=no
ac_cv_host=x86_64-unknown-linux-gnu
ac_cv_lib_fastlz_fastlz_compress=no
ac_cv_lib_lzf_lzf_compress=no
ac_cv_lib_lzo2_lzo1x_1_15_compress=no
ac_cv_lib_quicklz_qlz_compress=no
ac_cv_lib_z_zlibVersion=yes
ac_cv_objext=o
ac_cv_path_EGREP='/bin/grep -E'
ac_cv_path_FGREP='/bin/grep -F'
ac_cv_path_GREP=/bin/grep
ac_cv_path_SED=/bin/sed
ac_cv_path_ac_pt_PKG_CONFIG=/usr/bin/pkg-config
ac_cv_path_install='/usr/bin/install -c'
ac_cv_path_mkdir=/bin/mkdir
ac_cv_prog_AWK=gawk
ac_cv_prog_CPP='fccpx -Xg -pthread  -E'
ac_cv_prog_CXXCPP='FCCpx -Xg -pthread -E'
ac_cv_prog_ac_ct_AR=ar
ac_cv_prog_ac_ct_CC='fccpx -Xg -pthread '
ac_cv_prog_ac_ct_OBJDUMP=objdump
ac_cv_prog_ac_ct_RANLIB=ranlib
ac_cv_prog_ac_ct_STRIP=strip
ac_cv_prog_cc_c89=
ac_cv_prog_cc_g=yes
ac_cv_prog_cxx_g=yes
ac_cv_prog_make_make_set=yes
ac_cv_type_size_t=yes
ac_cv_type_ssize_t=yes
am_cv_CC_dependencies_compiler_type=gcc3
am_cv_CXX_dependencies_compiler_type=gcc3
lt_cv_deplibs_check_method=pass_all
lt_cv_file_magic_cmd='$MAGIC_CMD'
lt_cv_file_magic_test_file=
lt_cv_ld_reload_flag=-r
lt_cv_nm_interface='BSD nm'
lt_cv_objdir=.libs
lt_cv_path_LD=/opt/FJSVmxlang/util/bin/sparc64-unknown-linux-gnu-ld
lt_cv_path_LDCXX='/opt/FJSVmxlang/util/bin/sparc64-unknown-linux-gnu-ld -m elf_x86_64'
lt_cv_path_NM='/usr/bin/nm -B'
lt_cv_prog_compiler_c_o=yes
lt_cv_prog_compiler_c_o_CXX=yes
lt_cv_prog_compiler_pic_works=yes
lt_cv_prog_compiler_pic_works_CXX=yes
lt_cv_prog_compiler_rtti_exceptions=no
lt_cv_prog_compiler_static_works=no
lt_cv_prog_compiler_static_works_CXX=no
lt_cv_prog_gnu_ld=yes
lt_cv_prog_gnu_ldcxx=no
lt_cv_sys_global_symbol_pipe='sed -n -e '\''s/^.*[	 ]\([ABCDGIRSTW][ABCDGIRSTW]*\)[	 ][	 ]*\([_A-Za-z][_A-Za-z0-9]*\)$/\1 \2 \2/p'\'''
lt_cv_sys_global_symbol_to_c_name_address='sed -n -e '\''s/^: \([^ ]*\) $/  {\"\1\", (void *) 0},/p'\'' -e '\''s/^[ABCDGIRSTW]* \([^ ]*\) \([^ ]*\)$/  {"\2", (void *) \&\2},/p'\'''
lt_cv_sys_global_symbol_to_c_name_address_lib_prefix='sed -n -e '\''s/^: \([^ ]*\) $/  {\"\1\", (void *) 0},/p'\'' -e '\''s/^[ABCDGIRSTW]* \([^ ]*\) \(lib[^ ]*\)$/  {"\2", (void *) \&\2},/p'\'' -e '\''s/^[ABCDGIRSTW]* \([^ ]*\) \([^ ]*\)$/  {"lib\2", (void *) \&\2},/p'\'''
lt_cv_sys_global_symbol_to_cdecl='sed -n -e '\''s/^T .* \(.*\)$/extern int \1();/p'\'' -e '\''s/^[ABCDGIRSTW]* .* \(.*\)$/extern char \1;/p'\'''
lt_cv_sys_max_cmd_len=1966080

## ----------------- ##
## Output variables. ##
## ----------------- ##

ACLOCAL='${SHELL} /home/usr7/z41797a/caffe-libs-k-master/snappy/missing --run aclocal-1.11'
AMDEPBACKSLASH='\'
AMDEP_FALSE='#'
AMDEP_TRUE=''
AMTAR='${SHELL} /home/usr7/z41797a/caffe-libs-k-master/snappy/missing --run tar'
AR='ar'
AUTOCONF='${SHELL} /home/usr7/z41797a/caffe-libs-k-master/snappy/missing --run autoconf'
AUTOHEADER='${SHELL} /home/usr7/z41797a/caffe-libs-k-master/snappy/missing --run autoheader'
AUTOMAKE='${SHELL} /home/usr7/z41797a/caffe-libs-k-master/snappy/missing --run automake-1.11'
AWK='gawk'
CC='fccpx -Xg -pthread '
CCDEPMODE='depmode=gcc3'
CFLAGS='-Kfast'
CPP='fccpx -Xg -pthread  -E'
CPPFLAGS=''
CXX='FCCpx -Xg -pthread'
CXXCPP='FCCpx -Xg -pthread -E'
CXXDEPMODE='depmode=gcc3'
CXXFLAGS='-g -O2'
CYGPATH_W='echo'
DEFS='-DHAVE_CONFIG_H'
DEPDIR='.deps'
DSYMUTIL=''
DUMPBIN=''
ECHO_C=''
ECHO_N='-n'
ECHO_T=''
EGREP='/bin/grep -E'
EXEEXT=''
FGREP='/bin/grep -F'
GREP='/bin/grep'
GTEST_CONFIG=''
GTEST_CPPFLAGS=''
GTEST_CXXFLAGS=''
GTEST_LDFLAGS=''
GTEST_LIBS=''
GTEST_VERSION=''
HAVE_GTEST='no'
HAVE_GTEST_FALSE=''
HAVE_GTEST_TRUE='#'
INSTALL_DATA='${INSTALL} -m 644'
INSTALL_PROGRAM='${INSTALL}'
INSTALL_SCRIPT='${INSTALL}'
INSTALL_STRIP_PROGRAM='$(install_sh) -c -s'
LD='/opt/FJSVmxlang/util/bin/sparc64-unknown-linux-gnu-ld -m elf_x86_64'
LDFLAGS=''
LIBOBJS=''
LIBS=''
LIBTOOL='$(SHELL) $(top_builddir)/libtool'
LIBTOOL_DEPS='./ltmain.sh'
LIPO=''
LN_S='ln -s'
LTLIBOBJS=''
MAKEINFO='${SHELL} /home/usr7/z41797a/caffe-libs-k-master/snappy/missing --run makeinfo'
MKDIR_P='/bin/mkdir -p'
NM='/usr/bin/nm -B'
NMEDIT=''
OBJDUMP='objdump'
OBJEXT='o'
OTOOL64=''
OTOOL=''
PACKAGE='snappy'
PACKAGE_BUGREPORT=''
PACKAGE_NAME='snappy'
PACKAGE_STRING='snappy 1.1.3'
PACKAGE_TARNAME='snappy'
PACKAGE_VERSION='1.1.3'
PATH_SEPARATOR=':'
PKG_CONFIG='/usr/bin/pkg-config'
RANLIB='ranlib'
SED='/bin/sed'
SET_MAKE=''
SHELL='/bin/sh'
SNAPPY_LTVERSION='4:0:3'
SNAPPY_MAJOR='1'
SNAPPY_MINOR='1'
SNAPPY_PATCHLEVEL='3'
STRIP='strip'
UNITTEST_LIBS='-lz '
VERSION='1.1.3'
ac_ct_CC='fccpx -Xg -pthread '
ac_ct_CXX=''
ac_ct_DUMPBIN=''
ac_cv_have_stddef_h='1'
ac_cv_have_stdint_h='1'
ac_cv_have_sys_uio_h='0'
am__EXEEXT_FALSE=''
am__EXEEXT_TRUE='#'
am__fastdepCC_FALSE='#'
am__fastdepCC_TRUE=''
am__fastdepCXX_FALSE='#'
am__fastdepCXX_TRUE=''
am__include='include'
am__isrc=''
am__leading_dot='.'
am__quote=''
am__tar='${AMTAR} chof - "$$tardir"'
am__untar='${AMTAR} xf -'
bindir='${exec_prefix}/bin'
build='x86_64-unknown-linux-gnu'
build_alias=''
build_cpu='x86_64'
build_os='linux-gnu'
build_vendor='unknown'
datadir='${datarootdir}'
datarootdir='${prefix}/share'
docdir='${datarootdir}/doc/${PACKAGE_TARNAME}'
dvidir='${docdir}'
exec_prefix='${prefix}'
gflags_CFLAGS=''
gflags_LIBS=''
host='x86_64-unknown-linux-gnu'
host_alias=''
host_cpu='x86_64'
host_os='linux-gnu'
host_vendor='unknown'
htmldir='${docdir}'
includedir='${prefix}/include'
infodir='${datarootdir}/info'
install_sh='${SHELL} /home/usr7/z41797a/caffe-libs-k-master/snappy/install-sh'
libdir='${exec_prefix}/lib'
libexecdir='${exec_prefix}/libexec'
localedir='${datarootdir}/locale'
localstatedir='${prefix}/var'
lt_ECHO='echo'
mandir='${datarootdir}/man'
mkdir_p='/bin/mkdir -p'
oldincludedir='/usr/include'
pdfdir='${docdir}'
prefix='/usr/local'
program_transform_name='s,x,x,'
psdir='${docdir}'
sbindir='${exec_prefix}/sbin'
sharedstatedir='${prefix}/com'
sysconfdir='${prefix}/etc'
target_alias=''

## ----------- ##
## confdefs.h. ##
## ----------- ##

#define PACKAGE_NAME "snappy"
#define PACKAGE_TARNAME "snappy"
#define PACKAGE_VERSION "1.1.3"
#define PACKAGE_STRING "snappy 1.1.3"
#define PACKAGE_BUGREPORT ""
#define PACKAGE "snappy"
#define VERSION "1.1.3"
#define STDC_HEADERS 1
#define HAVE_SYS_TYPES_H 1
#define HAVE_SYS_STAT_H 1
#define HAVE_STDLIB_H 1
#define HAVE_STRING_H 1
#define HAVE_MEMORY_H 1
#define HAVE_STRINGS_H 1
#define HAVE_INTTYPES_H 1
#define HAVE_STDINT_H 1
#define HAVE_UNISTD_H 1
#define HAVE_DLFCN_H 1
#define LT_OBJDIR ".libs/"
#define WORDS_BIGENDIAN 1
#define HAVE_STDINT_H 1
#define HAVE_STDDEF_H 1
#define HAVE_SYS_MMAN_H 1
#define HAVE_SYS_RESOURCE_H 1
#define HAVE_BYTESWAP_H 1
#define HAVE_SYS_TIME_H 1
#define HAVE_BUILTIN_EXPECT 1
#define HAVE_BUILTIN_CTZ 1
#define HAVE_LIBZ 1

configure: exit 0
